<?xml version="1.0" encoding="UTF-8"?>
<!-- Generated by org.testng.reporters.JUnitReportReporter -->
<testsuite hostname="DESKTOP-53MHEFI" failures="0" tests="4" name="apiTest.UserTests" time="6.812" errors="0" timestamp="2023-07-17T15:14:01 EEST" skipped="0">
  <testcase classname="apiTest.UserTests" name="testPostUser" time="4.209"/>
  <system-out/>
  <testcase classname="apiTest.UserTests" name="testGetUserByName" time="0.659"/>
  <system-out/>
  <testcase classname="apiTest.UserTests" name="testUpdateUserByName" time="1.349"/>
  <system-out/>
  <testcase classname="apiTest.UserTests" name="testDeleteUserByName" time="0.595"/>
  <system-out/>
</testsuite> <!-- apiTest.UserTests -->
