<?xml version="1.0" encoding="UTF-8"?>
<!-- Generated by org.testng.reporters.JUnitReportReporter -->
<testsuite hostname="DESKTOP-53MHEFI" failures="0" tests="4" name="apiTest.UserTests" time="6.662" errors="0" timestamp="2023-07-14T18:29:02 EEST" skipped="0">
  <testcase classname="apiTest.UserTests" name="testPostUser" time="3.848"/>
  <system-out/>
  <testcase classname="apiTest.UserTests" name="testGetUserByName" time="0.727"/>
  <system-out/>
  <testcase classname="apiTest.UserTests" name="testUpdateUserByName" time="1.457"/>
  <system-out/>
  <testcase classname="apiTest.UserTests" name="testDeleteUserByName" time="0.630"/>
  <system-out/>
</testsuite> <!-- apiTest.UserTests -->
